<?xml version="1.0" encoding="UTF-8"?>
<testng-results skipped="0" failed="0" ignored="0" total="2" passed="2">
  <reporter-output>
  </reporter-output>
  <suite name="Default suite" duration-ms="21539" started-at="2020-10-10T14:52:15Z" finished-at="2020-10-10T14:52:37Z">
    <groups>
    </groups>
    <test name="Default test" duration-ms="21539" started-at="2020-10-10T14:52:15Z" finished-at="2020-10-10T14:52:37Z">
      <class name="testNgconcepts.DataProvidersConcept">
        <test-method status="PASS" signature="login(java.lang.String, java.lang.String)[pri:0, instance:testNgconcepts.DataProvidersConcept@5c7fa833]" name="login" duration-ms="11258" started-at="2020-10-10T14:52:15Z" data-provider="getData" finished-at="2020-10-10T14:52:26Z">
          <params>
            <param index="0">
              <value>
                <![CDATA[seleniumtraining1]]>
              </value>
            </param>
            <param index="1">
              <value>
                <![CDATA[selenium1234]]>
              </value>
            </param>
          </params>
          <reporter-output>
          </reporter-output>
        </test-method> <!-- login -->
        <test-method status="PASS" signature="login(java.lang.String, java.lang.String)[pri:0, instance:testNgconcepts.DataProvidersConcept@5c7fa833]" name="login" duration-ms="10246" started-at="2020-10-10T14:52:26Z" data-provider="getData" finished-at="2020-10-10T14:52:37Z">
          <params>
            <param index="0">
              <value>
                <![CDATA[seleniumtraining2]]>
              </value>
            </param>
            <param index="1">
              <value>
                <![CDATA[selenium1234]]>
              </value>
            </param>
          </params>
          <reporter-output>
          </reporter-output>
        </test-method> <!-- login -->
      </class> <!-- testNgconcepts.DataProvidersConcept -->
    </test> <!-- Default test -->
  </suite> <!-- Default suite -->
</testng-results>
